2025-04-25 19:51:03 [INFO] MainProcess - [36mℹ️ 로깅 설정 완료[0m
2025-04-25 19:51:03 [INFO] MainProcess - [36mℹ️ ℹ️ 백테스트 시작[0m
2025-04-25 19:51:03 [INFO] MainProcess - [36mℹ️ 대상 티커: KRW-BTC, KRW-ETH, KRW-XRP, KRW-SOL, KRW-ADA, KRW-DOGE[0m
2025-04-25 19:51:03 [INFO] MainProcess - [36mℹ️ 테스트 기간: 30일 (2022-12-04 ~ 2023-01-03)[0m
2025-04-25 19:51:03 [INFO] MainProcess - [36mℹ️ 
🏛️ KRW-BTC 분석 시작[0m
2025-04-25 19:51:03 [INFO] MainProcess - [36mℹ️ 📊 KRW-BTC 데이터 로드 중...[0m
2025-04-25 19:51:03 [INFO] MainProcess - [36mℹ️ 📊 KRW-BTC 데이터 로드 시작...[0m
2025-04-25 19:51:03 [INFO] MainProcess - [36mℹ️ 📊 요청 기간: 2022-12-04 ~ 2023-01-03[0m
2025-04-25 19:51:03 [INFO] MainProcess - [36mℹ️ 💾 KRW-BTC: 2022-12 캐시 데이터 로드[0m
2025-04-25 19:51:03 [INFO] MainProcess - [36mℹ️ 💾 KRW-BTC: 2023-01 캐시 데이터 로드[0m
2025-04-25 19:51:03 [INFO] MainProcess - [36mℹ️ ✅ KRW-BTC 전체 데이터 로드 완료 (총 8708 개)[0m
2025-04-25 19:51:03 [INFO] MainProcess - [36mℹ️ ✅ KRW-BTC 데이터 로드 완료 (총 8708 개)[0m
2025-04-25 19:51:03 [INFO] MainProcess - [36mℹ️ [36m📈 KRW-BTC SHORT 진입: 0.04% @ 22,907,000[0m[0m
2025-04-25 19:51:03 [INFO] MainProcess - [36mℹ️ [32m💹 KRW-BTC 거래 종료: 0.03% (이익실현)[0m[0m
2025-04-25 19:51:04 [INFO] MainProcess - [36mℹ️ [36m📈 KRW-BTC SHORT 진입: 0.04% @ 22,872,000[0m[0m
2025-04-25 19:51:04 [INFO] MainProcess - [36mℹ️ [32m💹 KRW-BTC 거래 종료: 0.06% (이익실현)[0m[0m
2025-04-25 19:51:04 [INFO] MainProcess - [36mℹ️ [36m📈 KRW-BTC LONG 진입: 0.04% @ 22,965,000[0m[0m
2025-04-25 19:51:04 [INFO] MainProcess - [36mℹ️ [32m💹 KRW-BTC 거래 종료: 0.10% (이익실현)[0m[0m
2025-04-25 19:51:29 [INFO] MainProcess - [36mℹ️ 
📊 KRW-BTC 전략 성과 요약:[0m
2025-04-25 19:51:29 [INFO] MainProcess - [36mℹ️ 시장 상태: 강한 상승추세[0m
2025-04-25 19:51:29 [INFO] MainProcess - [36mℹ️ 총 거래: 3건[0m
2025-04-25 19:51:29 [INFO] MainProcess - [36mℹ️ 승률: 100.0%[0m
2025-04-25 19:51:29 [INFO] MainProcess - [36mℹ️ 총 수익: 0.19%[0m
2025-04-25 19:51:29 [INFO] MainProcess - [36mℹ️ 평균 수익: 0.06%[0m
2025-04-25 19:51:29 [INFO] MainProcess - [36mℹ️ 종합 등급: D
[0m
2025-04-25 19:51:29 [INFO] MainProcess - [36mℹ️ 
🏛️ KRW-ETH 분석 시작[0m
2025-04-25 19:51:29 [INFO] MainProcess - [36mℹ️ 📊 KRW-ETH 데이터 로드 중...[0m
2025-04-25 19:51:29 [INFO] MainProcess - [36mℹ️ 📊 KRW-ETH 데이터 로드 시작...[0m
2025-04-25 19:51:29 [INFO] MainProcess - [36mℹ️ 📊 요청 기간: 2022-12-04 ~ 2023-01-03[0m
2025-04-25 19:51:29 [INFO] MainProcess - [36mℹ️ 🔄 KRW-ETH: 2022-12 데이터 수집 시작[0m
2025-04-25 19:51:52 [INFO] MainProcess - [36mℹ️ 💾 KRW-ETH: 2022-12 캐시 저장 완료[0m
2025-04-25 19:51:52 [INFO] MainProcess - [36mℹ️ 🔄 KRW-ETH: 2023-01 데이터 수집 시작[0m
2025-04-25 19:51:54 [INFO] MainProcess - [36mℹ️ 💾 KRW-ETH: 2023-01 캐시 저장 완료[0m
2025-04-25 19:51:54 [INFO] MainProcess - [36mℹ️ ✅ KRW-ETH 전체 데이터 로드 완료 (총 8548 개)[0m
2025-04-25 19:51:54 [INFO] MainProcess - [36mℹ️ ✅ KRW-ETH 데이터 로드 완료 (총 8548 개)[0m
2025-04-25 19:51:54 [INFO] MainProcess - [36mℹ️ [36m📈 KRW-ETH LONG 진입: 0.04% @ 1,682,500[0m[0m
2025-04-25 19:51:54 [INFO] MainProcess - [36mℹ️ [32m💹 KRW-ETH 거래 종료: 0.09% (이익실현)[0m[0m
2025-04-25 19:51:54 [INFO] MainProcess - [36mℹ️ [36m📈 KRW-ETH SHORT 진입: 0.04% @ 1,700,000[0m[0m
2025-04-25 19:51:54 [INFO] MainProcess - [36mℹ️ [32m💹 KRW-ETH 거래 종료: 0.09% (이익실현)[0m[0m
2025-04-25 19:51:56 [INFO] MainProcess - [36mℹ️ [36m📈 KRW-ETH LONG 진입: 0.04% @ 1,717,000[0m[0m
2025-04-25 19:51:56 [INFO] MainProcess - [36mℹ️ [32m💹 KRW-ETH 거래 종료: 0.06% (이익실현)[0m[0m
2025-04-25 19:52:20 [INFO] MainProcess - [36mℹ️ 
📊 KRW-ETH 전략 성과 요약:[0m
2025-04-25 19:52:20 [INFO] MainProcess - [36mℹ️ 시장 상태: 횡보장[0m
2025-04-25 19:52:20 [INFO] MainProcess - [36mℹ️ 총 거래: 3건[0m
2025-04-25 19:52:20 [INFO] MainProcess - [36mℹ️ 승률: 100.0%[0m
2025-04-25 19:52:20 [INFO] MainProcess - [36mℹ️ 총 수익: 0.24%[0m
2025-04-25 19:52:20 [INFO] MainProcess - [36mℹ️ 평균 수익: 0.08%[0m
2025-04-25 19:52:20 [INFO] MainProcess - [36mℹ️ 종합 등급: D
[0m
2025-04-25 19:52:20 [INFO] MainProcess - [36mℹ️ 
🏛️ KRW-XRP 분석 시작[0m
2025-04-25 19:52:20 [INFO] MainProcess - [36mℹ️ 📊 KRW-XRP 데이터 로드 중...[0m
2025-04-25 19:52:20 [INFO] MainProcess - [36mℹ️ 📊 KRW-XRP 데이터 로드 시작...[0m
2025-04-25 19:52:20 [INFO] MainProcess - [36mℹ️ 📊 요청 기간: 2022-12-04 ~ 2023-01-03[0m
2025-04-25 19:52:20 [INFO] MainProcess - [36mℹ️ 🔄 KRW-XRP: 2022-12 데이터 수집 시작[0m
2025-04-25 19:52:43 [INFO] MainProcess - [36mℹ️ 💾 KRW-XRP: 2022-12 캐시 저장 완료[0m
2025-04-25 19:52:43 [INFO] MainProcess - [36mℹ️ 🔄 KRW-XRP: 2023-01 데이터 수집 시작[0m
2025-04-25 19:52:45 [INFO] MainProcess - [36mℹ️ 💾 KRW-XRP: 2023-01 캐시 저장 완료[0m
2025-04-25 19:52:45 [INFO] MainProcess - [36mℹ️ ✅ KRW-XRP 전체 데이터 로드 완료 (총 8549 개)[0m
2025-04-25 19:52:45 [INFO] MainProcess - [36mℹ️ ✅ KRW-XRP 데이터 로드 완료 (총 8549 개)[0m
2025-04-25 19:52:45 [INFO] MainProcess - [36mℹ️ [36m📈 KRW-XRP LONG 진입: 0.04% @ 522[0m[0m
2025-04-25 19:52:45 [INFO] MainProcess - [36mℹ️ [32m💹 KRW-XRP 거래 종료: 0.38% (이익실현)[0m[0m
2025-04-25 19:52:47 [INFO] MainProcess - [36mℹ️ [36m📈 KRW-XRP LONG 진입: 0.04% @ 515[0m[0m
2025-04-25 19:52:47 [INFO] MainProcess - [36mℹ️ [32m💹 KRW-XRP 거래 종료: 0.19% (이익실현)[0m[0m
2025-04-25 19:52:48 [INFO] MainProcess - [36mℹ️ [36m📈 KRW-XRP LONG 진입: 0.04% @ 506[0m[0m
2025-04-25 19:52:48 [INFO] MainProcess - [36mℹ️ [32m💹 KRW-XRP 거래 종료: 0.20% (이익실현)[0m[0m
2025-04-25 19:53:10 [INFO] MainProcess - [36mℹ️ 
📊 KRW-XRP 전략 성과 요약:[0m
2025-04-25 19:53:10 [INFO] MainProcess - [36mℹ️ 시장 상태: 횡보장[0m
2025-04-25 19:53:10 [INFO] MainProcess - [36mℹ️ 총 거래: 3건[0m
2025-04-25 19:53:10 [INFO] MainProcess - [36mℹ️ 승률: 100.0%[0m
2025-04-25 19:53:10 [INFO] MainProcess - [36mℹ️ 총 수익: 0.77%[0m
2025-04-25 19:53:10 [INFO] MainProcess - [36mℹ️ 평균 수익: 0.26%[0m
2025-04-25 19:53:10 [INFO] MainProcess - [36mℹ️ 종합 등급: D
[0m
2025-04-25 19:53:10 [INFO] MainProcess - [36mℹ️ 
🏛️ KRW-SOL 분석 시작[0m
2025-04-25 19:53:10 [INFO] MainProcess - [36mℹ️ 📊 KRW-SOL 데이터 로드 중...[0m
2025-04-25 19:53:10 [INFO] MainProcess - [36mℹ️ 📊 KRW-SOL 데이터 로드 시작...[0m
2025-04-25 19:53:10 [INFO] MainProcess - [36mℹ️ 📊 요청 기간: 2022-12-04 ~ 2023-01-03[0m
2025-04-25 19:53:10 [INFO] MainProcess - [36mℹ️ 🔄 KRW-SOL: 2022-12 데이터 수집 시작[0m
2025-04-25 19:53:33 [INFO] MainProcess - [36mℹ️ 💾 KRW-SOL: 2022-12 캐시 저장 완료[0m
2025-04-25 19:53:33 [INFO] MainProcess - [36mℹ️ 🔄 KRW-SOL: 2023-01 데이터 수집 시작[0m
2025-04-25 19:53:35 [INFO] MainProcess - [36mℹ️ 💾 KRW-SOL: 2023-01 캐시 저장 완료[0m
2025-04-25 19:53:35 [INFO] MainProcess - [36mℹ️ ✅ KRW-SOL 전체 데이터 로드 완료 (총 8541 개)[0m
2025-04-25 19:53:35 [INFO] MainProcess - [36mℹ️ ✅ KRW-SOL 데이터 로드 완료 (총 8541 개)[0m
2025-04-25 19:53:35 [INFO] MainProcess - [36mℹ️ [36m📈 KRW-SOL LONG 진입: 0.04% @ 17,930[0m[0m
2025-04-25 19:53:35 [INFO] MainProcess - [36mℹ️ [32m💹 KRW-SOL 거래 종료: 0.17% (이익실현)[0m[0m
2025-04-25 19:53:36 [INFO] MainProcess - [36mℹ️ [36m📈 KRW-SOL LONG 진입: 0.04% @ 17,960[0m[0m
2025-04-25 19:53:36 [INFO] MainProcess - [36mℹ️ [32m💹 KRW-SOL 거래 종료: 0.11% (이익실현)[0m[0m
2025-04-25 19:53:36 [INFO] MainProcess - [36mℹ️ [36m📈 KRW-SOL SHORT 진입: 0.04% @ 18,410[0m[0m
2025-04-25 19:53:36 [INFO] MainProcess - [36mℹ️ [32m💹 KRW-SOL 거래 종료: 0.27% (이익실현)[0m[0m
2025-04-25 19:54:01 [INFO] MainProcess - [36mℹ️ 
📊 KRW-SOL 전략 성과 요약:[0m
2025-04-25 19:54:01 [INFO] MainProcess - [36mℹ️ 시장 상태: 약한 하락추세[0m
2025-04-25 19:54:01 [INFO] MainProcess - [36mℹ️ 총 거래: 3건[0m
2025-04-25 19:54:01 [INFO] MainProcess - [36mℹ️ 승률: 100.0%[0m
2025-04-25 19:54:01 [INFO] MainProcess - [36mℹ️ 총 수익: 0.55%[0m
2025-04-25 19:54:01 [INFO] MainProcess - [36mℹ️ 평균 수익: 0.18%[0m
2025-04-25 19:54:01 [INFO] MainProcess - [36mℹ️ 종합 등급: D
[0m
2025-04-25 19:54:01 [INFO] MainProcess - [36mℹ️ 
🏛️ KRW-ADA 분석 시작[0m
2025-04-25 19:54:01 [INFO] MainProcess - [36mℹ️ 📊 KRW-ADA 데이터 로드 중...[0m
2025-04-25 19:54:01 [INFO] MainProcess - [36mℹ️ 📊 KRW-ADA 데이터 로드 시작...[0m
2025-04-25 19:54:01 [INFO] MainProcess - [36mℹ️ 📊 요청 기간: 2022-12-04 ~ 2023-01-03[0m
2025-04-25 19:54:01 [INFO] MainProcess - [36mℹ️ 🔄 KRW-ADA: 2022-12 데이터 수집 시작[0m
2025-04-25 19:54:23 [INFO] MainProcess - [36mℹ️ 💾 KRW-ADA: 2022-12 캐시 저장 완료[0m
2025-04-25 19:54:23 [INFO] MainProcess - [36mℹ️ 🔄 KRW-ADA: 2023-01 데이터 수집 시작[0m
2025-04-25 19:54:25 [INFO] MainProcess - [36mℹ️ 💾 KRW-ADA: 2023-01 캐시 저장 완료[0m
2025-04-25 19:54:25 [INFO] MainProcess - [36mℹ️ ✅ KRW-ADA 전체 데이터 로드 완료 (총 8490 개)[0m
2025-04-25 19:54:25 [INFO] MainProcess - [36mℹ️ ✅ KRW-ADA 데이터 로드 완료 (총 8490 개)[0m
2025-04-25 19:54:25 [INFO] MainProcess - [36mℹ️ [36m📈 KRW-ADA SHORT 진입: 0.04% @ 435[0m[0m
2025-04-25 19:54:25 [INFO] MainProcess - [36mℹ️ [32m💹 KRW-ADA 거래 종료: 0.23% (이익실현)[0m[0m
2025-04-25 19:54:26 [INFO] MainProcess - [36mℹ️ [36m📈 KRW-ADA SHORT 진입: 0.04% @ 434[0m[0m
2025-04-25 19:54:26 [INFO] MainProcess - [36mℹ️ [32m💹 KRW-ADA 거래 종료: 0.23% (이익실현)[0m[0m
2025-04-25 19:54:26 [INFO] MainProcess - [36mℹ️ [36m📈 KRW-ADA SHORT 진입: 0.04% @ 437[0m[0m
2025-04-25 19:54:26 [INFO] MainProcess - [36mℹ️ [32m💹 KRW-ADA 거래 종료: 0.23% (이익실현)[0m[0m
2025-04-25 19:54:50 [INFO] MainProcess - [36mℹ️ 
📊 KRW-ADA 전략 성과 요약:[0m
2025-04-25 19:54:50 [INFO] MainProcess - [36mℹ️ 시장 상태: 횡보장[0m
2025-04-25 19:54:50 [INFO] MainProcess - [36mℹ️ 총 거래: 3건[0m
2025-04-25 19:54:50 [INFO] MainProcess - [36mℹ️ 승률: 100.0%[0m
2025-04-25 19:54:50 [INFO] MainProcess - [36mℹ️ 총 수익: 0.69%[0m
2025-04-25 19:54:50 [INFO] MainProcess - [36mℹ️ 평균 수익: 0.23%[0m
2025-04-25 19:54:50 [INFO] MainProcess - [36mℹ️ 종합 등급: D
[0m
2025-04-25 19:54:50 [INFO] MainProcess - [36mℹ️ 
🏛️ KRW-DOGE 분석 시작[0m
2025-04-25 19:54:50 [INFO] MainProcess - [36mℹ️ 📊 KRW-DOGE 데이터 로드 중...[0m
2025-04-25 19:54:50 [INFO] MainProcess - [36mℹ️ 📊 KRW-DOGE 데이터 로드 시작...[0m
2025-04-25 19:54:50 [INFO] MainProcess - [36mℹ️ 📊 요청 기간: 2022-12-04 ~ 2023-01-03[0m
2025-04-25 19:54:50 [INFO] MainProcess - [36mℹ️ 🔄 KRW-DOGE: 2022-12 데이터 수집 시작[0m
2025-04-25 19:55:13 [INFO] MainProcess - [36mℹ️ 💾 KRW-DOGE: 2022-12 캐시 저장 완료[0m
2025-04-25 19:55:13 [INFO] MainProcess - [36mℹ️ 🔄 KRW-DOGE: 2023-01 데이터 수집 시작[0m
2025-04-25 19:55:15 [INFO] MainProcess - [36mℹ️ 💾 KRW-DOGE: 2023-01 캐시 저장 완료[0m
2025-04-25 19:55:15 [INFO] MainProcess - [36mℹ️ ✅ KRW-DOGE 전체 데이터 로드 완료 (총 8549 개)[0m
2025-04-25 19:55:15 [INFO] MainProcess - [36mℹ️ ✅ KRW-DOGE 데이터 로드 완료 (총 8549 개)[0m
2025-04-25 19:55:41 [WARNING] MainProcess - [33m⚠️ ⚠️ KRW-DOGE: 거래 기록 없음[0m
2025-04-25 19:55:41 [INFO] MainProcess - [36mℹ️ 
✅ 백테스트 완료[0m
